current directory: /home/homepop-os/Рабочий стол/Ruby/qna/.gems/gems/thin-1.8.1/ext/thin_parser
/home/homepop-os/.rbenv/versions/3.0.4/bin/ruby -I /home/homepop-os/.rbenv/versions/3.0.4/lib/ruby/3.0.0 -r ./siteconf20220921-6914-emnxot.rb extconf.rb
checking for main() in -lc... yes
creating Makefile

current directory: /home/homepop-os/Рабочий стол/Ruby/qna/.gems/gems/thin-1.8.1/ext/thin_parser
make DESTDIR\= clean

current directory: /home/homepop-os/Рабочий стол/Ruby/qna/.gems/gems/thin-1.8.1/ext/thin_parser
make DESTDIR\=
compiling parser.c
parser.c:31:18: warning: ‘http_parser_en_main’ defined but not used [-Wunused-const-variable=]
   31 | static const int http_parser_en_main = 1;
      |                  ^~~~~~~~~~~~~~~~~~~
cc1: note: unrecognized command-line option ‘-Wno-self-assign’ may have been intended to silence earlier diagnostics
cc1: note: unrecognized command-line option ‘-Wno-parentheses-equality’ may have been intended to silence earlier diagnostics
cc1: note: unrecognized command-line option ‘-Wno-constant-logical-operand’ may have been intended to silence earlier diagnostics
compiling thin.c
linking shared-object thin_parser.so

current directory: /home/homepop-os/Рабочий стол/Ruby/qna/.gems/gems/thin-1.8.1/ext/thin_parser
make DESTDIR\= install
/usr/bin/install -c -m 0755 thin_parser.so ./.gem.20220921-6914-vcfvcf
