current directory: /home/homepop-os/Рабочий стол/Ruby/qna/.gems/gems/mysql2-0.5.4/ext/mysql2
/home/homepop-os/.rbenv/versions/3.0.4/bin/ruby -I /home/homepop-os/.rbenv/versions/3.0.4/lib/ruby/3.0.0 -r ./siteconf20221010-11848-gaewn5.rb extconf.rb
checking for rb_absint_size()... yes
checking for rb_absint_singlebit_p()... yes
checking for rb_wait_for_single_fd()... yes
checking for rb_enc_interned_str() in ruby.h... yes
*** extconf.rb failed ***
Could not create Makefile due to some reason, probably lack of necessary
libraries and/or headers.  Check the mkmf.log file for more details.  You may
need configuration options.

Provided configuration options:
	--with-opt-dir
	--without-opt-dir
	--with-opt-include
	--without-opt-include=${opt-dir}/include
	--with-opt-lib
	--without-opt-lib=${opt-dir}/lib
	--with-make-prog
	--without-make-prog
	--srcdir=.
	--curdir
	--ruby=/home/homepop-os/.rbenv/versions/3.0.4/bin/$(RUBY_BASE_NAME)
	--with-mysql-dir
	--without-mysql-dir
	--with-mysql-include
	--without-mysql-include=${mysql-dir}/include
	--with-mysql-lib
	--without-mysql-lib=${mysql-dir}/lib
	--with-mysql-config
	--without-mysql-config
	--with-mysqlclient-dir
	--without-mysqlclient-dir
	--with-mysqlclient-include
	--without-mysqlclient-include=${mysqlclient-dir}/include
	--with-mysqlclient-lib
	--without-mysqlclient-lib=${mysqlclient-dir}/lib
	--with-mysqlclientlib
	--without-mysqlclientlib
/home/homepop-os/.rbenv/versions/3.0.4/lib/ruby/3.0.0/mkmf.rb:1050:in `block in find_library': undefined method `split' for nil:NilClass (NoMethodError)
	from /home/homepop-os/.rbenv/versions/3.0.4/lib/ruby/3.0.0/mkmf.rb:1050:in `collect'
	from /home/homepop-os/.rbenv/versions/3.0.4/lib/ruby/3.0.0/mkmf.rb:1050:in `find_library'
	from extconf.rb:103:in `<main>'

To see why this extension failed to compile, please check the mkmf.log which can be found here:

  /home/homepop-os/Рабочий стол/Ruby/qna/.gems/extensions/x86_64-linux/3.0.0/mysql2-0.5.4/mkmf.log

extconf failed, exit code 1
