current directory: /home/homepop-os/Рабочий стол/Ruby/qna/.gems/gems/mysql2-0.4.10/ext/mysql2
/home/homepop-os/.rbenv/versions/3.0.4/bin/ruby -I /home/homepop-os/.rbenv/versions/3.0.4/lib/ruby/3.0.0 -r ./siteconf20221010-14440-nytdtd.rb extconf.rb
checking for rb_absint_size()... yes
checking for rb_absint_singlebit_p()... yes
checking for ruby/thread.h... yes
checking for rb_thread_call_without_gvl() in ruby/thread.h... yes
checking for rb_thread_blocking_region()... no
checking for rb_wait_for_single_fd()... yes
checking for rb_hash_dup()... yes
checking for rb_intern3()... yes
checking for rb_big_cmp()... yes
-----
Using mysql_config at /usr/bin/mysql_config
-----
checking for mysql.h... yes
checking for errmsg.h... yes
checking for SSL_MODE_DISABLED in mysql.h... yes
checking for SSL_MODE_PREFERRED in mysql.h... yes
checking for SSL_MODE_REQUIRED in mysql.h... yes
checking for SSL_MODE_VERIFY_CA in mysql.h... yes
checking for SSL_MODE_VERIFY_IDENTITY in mysql.h... yes
checking for MYSQL.net.vio in mysql.h... yes
checking for MYSQL.net.pvio in mysql.h... no
checking for MYSQL_ENABLE_CLEARTEXT_PLUGIN in mysql.h... yes
-----
Setting libpath to /usr/lib/x86_64-linux-gnu
-----
creating Makefile

current directory: /home/homepop-os/Рабочий стол/Ruby/qna/.gems/gems/mysql2-0.4.10/ext/mysql2
make DESTDIR\= clean

current directory: /home/homepop-os/Рабочий стол/Ruby/qna/.gems/gems/mysql2-0.4.10/ext/mysql2
make DESTDIR\=
compiling client.c
client.c: In function ‘rb_query’:
client.c:778:14: warning: passing argument 1 of ‘rb_rescue2’ from incompatible pointer type [-Wincompatible-pointer-types]
  778 |   rb_rescue2(do_send_query, (VALUE)&args, disconnect_and_raise, self, rb_eException, (VALUE)0);
      |              ^~~~~~~~~~~~~
      |              |
      |              VALUE (*)(void *) {aka long unsigned int (*)(void *)}
In file included from /home/homepop-os/.rbenv/versions/3.0.4/include/ruby-3.0.0/ruby/ruby.h:38,
                 from /home/homepop-os/.rbenv/versions/3.0.4/include/ruby-3.0.0/ruby.h:38,
                 from ./mysql2_ext.h:10,
                 from client.c:1:
/home/homepop-os/.rbenv/versions/3.0.4/include/ruby-3.0.0/ruby/internal/iterator.h:51:18: note: expected ‘VALUE (*)(VALUE)’ {aka ‘long unsigned int (*)(long unsigned int)’} but argument is of type ‘VALUE (*)(void *)’ {aka ‘long unsigned int (*)(void *)’}
   51 | VALUE rb_rescue2(VALUE(*)(VALUE),VALUE,VALUE(*)(VALUE,VALUE),VALUE,...);
      |                  ^~~~~~~~~~~~~~~
client.c:786:16: warning: passing argument 1 of ‘rb_rescue2’ from incompatible pointer type [-Wincompatible-pointer-types]
  786 |     rb_rescue2(do_query, (VALUE)&async_args, disconnect_and_raise, self, rb_eException, (VALUE)0);
      |                ^~~~~~~~
      |                |
      |                VALUE (*)(void *) {aka long unsigned int (*)(void *)}
In file included from /home/homepop-os/.rbenv/versions/3.0.4/include/ruby-3.0.0/ruby/ruby.h:38,
                 from /home/homepop-os/.rbenv/versions/3.0.4/include/ruby-3.0.0/ruby.h:38,
                 from ./mysql2_ext.h:10,
                 from client.c:1:
/home/homepop-os/.rbenv/versions/3.0.4/include/ruby-3.0.0/ruby/internal/iterator.h:51:18: note: expected ‘VALUE (*)(VALUE)’ {aka ‘long unsigned int (*)(long unsigned int)’} but argument is of type ‘VALUE (*)(void *)’ {aka ‘long unsigned int (*)(void *)’}
   51 | VALUE rb_rescue2(VALUE(*)(VALUE),VALUE,VALUE(*)(VALUE,VALUE),VALUE,...);
      |                  ^~~~~~~~~~~~~~~
client.c: At top level:
cc1: note: unrecognized command-line option ‘-Wno-used-but-marked-unused’ may have been intended to silence earlier diagnostics
cc1: note: unrecognized command-line option ‘-Wno-static-in-inline’ may have been intended to silence earlier diagnostics
cc1: note: unrecognized command-line option ‘-Wno-reserved-id-macro’ may have been intended to silence earlier diagnostics
cc1: note: unrecognized command-line option ‘-Wno-missing-variable-declarations’ may have been intended to silence earlier diagnostics
cc1: note: unrecognized command-line option ‘-Wno-documentation-unknown-command’ may have been intended to silence earlier diagnostics
cc1: note: unrecognized command-line option ‘-Wno-disabled-macro-expansion’ may have been intended to silence earlier diagnostics
cc1: note: unrecognized command-line option ‘-Wno-covered-switch-default’ may have been intended to silence earlier diagnostics
cc1: note: unrecognized command-line option ‘-Wno-conditional-uninitialized’ may have been intended to silence earlier diagnostics
cc1: note: unrecognized command-line option ‘-Wno-self-assign’ may have been intended to silence earlier diagnostics
cc1: note: unrecognized command-line option ‘-Wno-parentheses-equality’ may have been intended to silence earlier diagnostics
cc1: note: unrecognized command-line option ‘-Wno-constant-logical-operand’ may have been intended to silence earlier diagnostics
compiling infile.c
compiling mysql2_ext.c
compiling result.c
compiling statement.c
linking shared-object mysql2/mysql2.so

current directory: /home/homepop-os/Рабочий стол/Ruby/qna/.gems/gems/mysql2-0.4.10/ext/mysql2
make DESTDIR\= install
/usr/bin/install -c -m 0755 mysql2.so ./.gem.20221010-14440-6yiars/mysql2
