current directory: /home/homepop-os/Рабочий стол/Ruby/qna/.gems/gems/capybara-webkit-1.15.1
/home/homepop-os/.rbenv/versions/3.0.4/bin/ruby -I /home/homepop-os/.rbenv/versions/3.0.4/lib/ruby/3.0.0 -r ./siteconf20220912-10623-8kwww9.rb extconf.rb
*** extconf.rb failed ***
Could not create Makefile due to some reason, probably lack of necessary
libraries and/or headers.  Check the mkmf.log file for more details.  You may
need configuration options.

Provided configuration options:
	--with-opt-dir
	--without-opt-dir
	--with-opt-include
	--without-opt-include=${opt-dir}/include
	--with-opt-lib
	--without-opt-lib=${opt-dir}/lib
	--with-make-prog
	--without-make-prog
	--srcdir=.
	--curdir
	--ruby=/home/homepop-os/.rbenv/versions/3.0.4/bin/$(RUBY_BASE_NAME)
	--with-gl-dir
	--without-gl-dir
	--with-gl-include
	--without-gl-include=${gl-dir}/include
	--with-gl-lib
	--without-gl-lib=${gl-dir}/lib
	--with-zlib-dir
	--without-zlib-dir
	--with-zlib-include
	--without-zlib-include=${zlib-dir}/include
	--with-zlib-lib
	--without-zlib-lib=${zlib-dir}/lib
Command 'qmake ' not available

extconf failed, exit code 1
